Info: Start Nativelink Simulation process

========= EDA Simulation Settings =====================

Sim Mode              :  Gate
Family                :  cyclonev
Quartus root          :  c:/altera/14.0/quartus/bin64/
Quartus sim root      :  c:/altera/14.0/quartus/eda/sim_lib
Simulation Tool       :  modelsim-altera
Simulation Language   :  vhdl
Version               :  93
Simulation Mode       :  GUI
Sim Output File       :  Somador_4_bits.vho
Sim SDF file          :  Somador_4_bits__vhdl.sdo
Sim dir               :  simulation\modelsim

=======================================================

Info: Starting NativeLink simulation with ModelSim-Altera software
Sourced NativeLink script c:/altera/14.0/quartus/common/tcl/internal/nativelink/modelsim.tcl
Warning: File Somador_4_bits_run_msim_gate_vhdl.do already exists - backing up current file as Somador_4_bits_run_msim_gate_vhdl.do.bak1
Probing transcript
ModelSim-Altera Info: # Reading C:/altera/14.0/modelsim_ase/tcl/vsim/pref.tcl 
ModelSim-Altera Info: # ERROR: No extended dataflow license exists
ModelSim-Altera Info: # do Somador_4_bits_run_msim_gate_vhdl.do 
ModelSim-Altera Info: # if {[file exists gate_work]} {
ModelSim-Altera Info: # 	vdel -lib gate_work -all
ModelSim-Altera Info: # }
ModelSim-Altera Info: # vlib gate_work
ModelSim-Altera Info: # vmap work gate_work
ModelSim-Altera Info: # Copying C:\altera\14.0\modelsim_ase\win32aloem/../modelsim.ini to modelsim.ini
ModelSim-Altera Info: # Modifying modelsim.ini
ModelSim-Altera Warning: # ** Warning: Copied C:\altera\14.0\modelsim_ase\win32aloem/../modelsim.ini to modelsim.ini.
ModelSim-Altera Info: #          Updated modelsim.ini.
ModelSim-Altera Info: # 
ModelSim-Altera Info: # vcom -93 -work work {Somador_4_bits.vho}
ModelSim-Altera Info: # Model Technology ModelSim ALTERA vcom 10.1e Compiler 2013.06 Jun 12 2013
ModelSim-Altera Info: # -- Loading package STANDARD
ModelSim-Altera Info: # -- Loading package TEXTIO
ModelSim-Altera Info: # -- Loading package std_logic_1164
ModelSim-Altera Info: # -- Loading package altera_lnsim_components
ModelSim-Altera Info: # -- Loading package VITAL_Timing
ModelSim-Altera Info: # -- Loading package VITAL_Primitives
ModelSim-Altera Info: # -- Loading package cyclonev_atom_pack
ModelSim-Altera Info: # -- Loading package cyclonev_components
ModelSim-Altera Info: # -- Compiling entity Somador_4_bits
ModelSim-Altera Info: # -- Compiling architecture structure of Somador_4_bits
ModelSim-Altera Info: # 
ModelSim-Altera Info: vsim work.somador_4_bits
ModelSim-Altera Info: # vsim work.somador_4_bits 
ModelSim-Altera Info: # Loading std.standard
ModelSim-Altera Info: # Loading std.textio(body)
ModelSim-Altera Info: # Loading ieee.std_logic_1164(body)
ModelSim-Altera Info: # Loading altera_lnsim.altera_lnsim_components
ModelSim-Altera Info: # Loading ieee.vital_timing(body)
ModelSim-Altera Info: # Loading ieee.vital_primitives(body)
ModelSim-Altera Info: # Loading cyclonev.cyclonev_atom_pack(body)
ModelSim-Altera Info: # Loading cyclonev.cyclonev_components
ModelSim-Altera Info: # Loading work.somador_4_bits(structure)
ModelSim-Altera Info: # Loading ieee.std_logic_arith(body)
ModelSim-Altera Info: # Loading cyclonev.cyclonev_io_obuf(arch)
ModelSim-Altera Info: # Loading cyclonev.cyclonev_io_ibuf(arch)
ModelSim-Altera Info: # Loading cyclonev.cyclonev_lcell_comb(vital_lcell_comb)
ModelSim-Altera Info: add wave -position insertpoint  \
ModelSim-Altera Info: sim:/somador_4_bits/S0 \
ModelSim-Altera Info: sim:/somador_4_bits/A0 \
ModelSim-Altera Info: sim:/somador_4_bits/B0 \
ModelSim-Altera Info: sim:/somador_4_bits/S1 \
ModelSim-Altera Info: sim:/somador_4_bits/A1 \
ModelSim-Altera Info: sim:/somador_4_bits/B1 \
ModelSim-Altera Info: sim:/somador_4_bits/S2 \
ModelSim-Altera Info: sim:/somador_4_bits/A2 \
ModelSim-Altera Info: sim:/somador_4_bits/B2 \
ModelSim-Altera Info: sim:/somador_4_bits/S3 \
ModelSim-Altera Info: sim:/somador_4_bits/A3 \
ModelSim-Altera Info: sim:/somador_4_bits/B3 \
ModelSim-Altera Info: sim:/somador_4_bits/ESTOURO
ModelSim-Altera Info: force -deposit /A 2#0000
ModelSim-Altera Info: force -deposit /B 2#0000
ModelSim-Altera Info: run
ModelSim-Altera Info: force -deposit /A 2#0010
ModelSim-Altera Info: force -deposit /B 2#0110
ModelSim-Altera Info: run
ModelSim-Altera Info: add list \
ModelSim-Altera Info: sim:/somador_4_bits/ESTOURO 
ModelSim-Altera Info: add wave -position insertpoint  \
ModelSim-Altera Info: sim:/somador_4_bits/S0 \
ModelSim-Altera Info: sim:/somador_4_bits/S1 \
ModelSim-Altera Info: sim:/somador_4_bits/S2 \
ModelSim-Altera Info: sim:/somador_4_bits/S3 \
ModelSim-Altera Info: sim:/somador_4_bits/ESTOURO
ModelSim-Altera Info: add wave -position insertpoint  \
ModelSim-Altera Info: sim:/somador_4_bits/B0 \
ModelSim-Altera Info: sim:/somador_4_bits/B1 \
ModelSim-Altera Info: sim:/somador_4_bits/B2 \
ModelSim-Altera Info: sim:/somador_4_bits/B3
ModelSim-Altera Info: add wave -position insertpoint  \
ModelSim-Altera Info: sim:/somador_4_bits/A0 \
ModelSim-Altera Info: sim:/somador_4_bits/A1 \
ModelSim-Altera Info: sim:/somador_4_bits/A2 \
ModelSim-Altera Info: sim:/somador_4_bits/A3
ModelSim-Altera Info: force -deposit /A 2#1000
ModelSim-Altera Info: force -deposit /B 2#0111
ModelSim-Altera Info: run
ModelSim-Altera Info: force -deposit /A 2#1100
ModelSim-Altera Info: force -deposit /B 2#0101
ModelSim-Altera Info: run
ModelSim-Altera Info: force -deposit /A 2#0001
ModelSim-Altera Info: force -deposit /B 2#0001
ModelSim-Altera Info: run
ModelSim-Altera Info: force -deposit /A 2#1000
ModelSim-Altera Info: force -deposit /B 2#1000
ModelSim-Altera Info: run
ModelSim-Altera Info: force -deposit /A 2#1110
ModelSim-Altera Info: force -deposit /B 2#1000
ModelSim-Altera Info: run
ModelSim-Altera Info: force -deposit /A 2#1000
ModelSim-Altera Info: force -deposit /B 2#1100
ModelSim-Altera Info: run
Info: NativeLink simulation flow was successful
