Info: Start Nativelink Simulation process

========= EDA Simulation Settings =====================

Sim Mode              :  Gate
Family                :  cyclonev
Quartus root          :  c:/altera/14.0/quartus/bin64/
Quartus sim root      :  c:/altera/14.0/quartus/eda/sim_lib
Simulation Tool       :  modelsim-altera
Simulation Language   :  vhdl
Version               :  93
Simulation Mode       :  GUI
Sim Output File       :  SubtratorCompleto.vho
Sim SDF file          :  SubtratorCompleto__vhdl.sdo
Sim dir               :  simulation\modelsim

=======================================================

Info: Starting NativeLink simulation with ModelSim-Altera software
Sourced NativeLink script c:/altera/14.0/quartus/common/tcl/internal/nativelink/modelsim.tcl
Warning: File SubtratorCompleto_run_msim_gate_vhdl.do already exists - backing up current file as SubtratorCompleto_run_msim_gate_vhdl.do.bak
Probing transcript
ModelSim-Altera Info: # Reading C:/altera/14.0/modelsim_ase/tcl/vsim/pref.tcl 
ModelSim-Altera Info: # ERROR: No extended dataflow license exists
ModelSim-Altera Info: # do SubtratorCompleto_run_msim_gate_vhdl.do 
ModelSim-Altera Info: # if {[file exists gate_work]} {
ModelSim-Altera Info: # 	vdel -lib gate_work -all
ModelSim-Altera Info: # }
ModelSim-Altera Info: # vlib gate_work
ModelSim-Altera Info: # vmap work gate_work
ModelSim-Altera Info: # Copying C:\altera\14.0\modelsim_ase\win32aloem/../modelsim.ini to modelsim.ini
ModelSim-Altera Info: # Modifying modelsim.ini
ModelSim-Altera Warning: # ** Warning: Copied C:\altera\14.0\modelsim_ase\win32aloem/../modelsim.ini to modelsim.ini.
ModelSim-Altera Info: #          Updated modelsim.ini.
ModelSim-Altera Info: # 
ModelSim-Altera Info: # vcom -93 -work work {SubtratorCompleto.vho}
ModelSim-Altera Info: # Model Technology ModelSim ALTERA vcom 10.1e Compiler 2013.06 Jun 12 2013
ModelSim-Altera Info: # -- Loading package STANDARD
ModelSim-Altera Info: # -- Loading package TEXTIO
ModelSim-Altera Info: # -- Loading package std_logic_1164
ModelSim-Altera Info: # -- Loading package altera_lnsim_components
ModelSim-Altera Info: # -- Loading package VITAL_Timing
ModelSim-Altera Info: # -- Loading package VITAL_Primitives
ModelSim-Altera Info: # -- Loading package cyclonev_atom_pack
ModelSim-Altera Info: # -- Loading package cyclonev_components
ModelSim-Altera Info: # -- Compiling entity SubtratorCompleto
ModelSim-Altera Info: # -- Compiling architecture structure of SubtratorCompleto
ModelSim-Altera Info: # 
ModelSim-Altera Info: vsim work.subtratorcompleto
ModelSim-Altera Info: # vsim work.subtratorcompleto 
ModelSim-Altera Info: # Loading std.standard
ModelSim-Altera Info: # Loading std.textio(body)
ModelSim-Altera Info: # Loading ieee.std_logic_1164(body)
ModelSim-Altera Info: # Loading altera_lnsim.altera_lnsim_components
ModelSim-Altera Info: # Loading ieee.vital_timing(body)
ModelSim-Altera Info: # Loading ieee.vital_primitives(body)
ModelSim-Altera Info: # Loading cyclonev.cyclonev_atom_pack(body)
ModelSim-Altera Info: # Loading cyclonev.cyclonev_components
ModelSim-Altera Info: # Loading work.subtratorcompleto(structure)
ModelSim-Altera Info: # Loading ieee.std_logic_arith(body)
ModelSim-Altera Info: # Loading cyclonev.cyclonev_io_obuf(arch)
ModelSim-Altera Info: # Loading cyclonev.cyclonev_io_ibuf(arch)
ModelSim-Altera Info: # Loading cyclonev.cyclonev_lcell_comb(vital_lcell_comb)
ModelSim-Altera Info: add wave -position insertpoint  \
ModelSim-Altera Info: sim:/subtratorcompleto/S \
ModelSim-Altera Info: sim:/subtratorcompleto/A \
ModelSim-Altera Info: sim:/subtratorcompleto/B \
ModelSim-Altera Info: sim:/subtratorcompleto/Cin \
ModelSim-Altera Info: sim:/subtratorcompleto/Cout
ModelSim-Altera Info: force -freeze sim:/subtratorcompleto/A 0 0
ModelSim-Altera Info: force -freeze sim:/subtratorcompleto/B 0 0
ModelSim-Altera Info: force -freeze sim:/subtratorcompleto/Cin 0 0
ModelSim-Altera Info: run
ModelSim-Altera Info: force -freeze sim:/subtratorcompleto/B 1 0
ModelSim-Altera Info: run
ModelSim-Altera Info: force -freeze sim:/subtratorcompleto/B 0 0
ModelSim-Altera Info: force -freeze sim:/subtratorcompleto/A 1 0
ModelSim-Altera Info: run
ModelSim-Altera Info: force -freeze sim:/subtratorcompleto/B 1 0
ModelSim-Altera Info: run
ModelSim-Altera Info: force -freeze sim:/subtratorcompleto/Cin 1 0
ModelSim-Altera Info: force -freeze sim:/subtratorcompleto/A 0 0
ModelSim-Altera Info: force -freeze sim:/subtratorcompleto/B 0 0
ModelSim-Altera Info: run
ModelSim-Altera Info: force -freeze sim:/subtratorcompleto/B 1 0
ModelSim-Altera Info: run
ModelSim-Altera Info: force -freeze sim:/subtratorcompleto/B 0 0
ModelSim-Altera Info: force -freeze sim:/subtratorcompleto/A 1 0
ModelSim-Altera Info: run
ModelSim-Altera Info: force -freeze sim:/subtratorcompleto/B 1 0
ModelSim-Altera Info: run
Info: NativeLink simulation flow was successful
